<?xml version="1.0" encoding="UTF-8"?>
<!-- Generated by org.testng.reporters.JUnitXMLReporter -->
<testsuite hostname="PC" ignored="0" name="firefoxTest" tests="4" failures="0" timestamp="2020-12-31T12:38:24 IST" time="129.368" errors="0">
  <testcase name="f" time="4.918" classname="maven.lockownmavenproject22.FTC_03"/>
  <testcase name="radioButton1" time="0.444" classname="maven.lockownmavenproject22.RadioButton1"/>
  <testcase name="linktesting1" time="1.593" classname="maven.lockownmavenproject22.LinksTesting1"/>
  <testcase name="checkboxTest" time="0.41" classname="maven.lockownmavenproject22.CheckBox1"/>
</testsuite> <!-- firefoxTest -->
