<?xml version="1.0" encoding="UTF-8" ?>
<testsuite tests="7" failures="4" name="TestSuite" time="0.026" errors="0" skipped="1">
  <properties>
[...]
</properties>
  <testcase classname="maven.lockownmavenproject33.FTC_03Test" name="afterTestTest" time="0.017">
    <failure message="Test not implemented" type="java.lang.RuntimeException">java.lang.RuntimeException: Test not implemented
	at maven.lockownmavenproject33.FTC_03Test.afterTestTest(FTC_03Test.java:9)
</failure>
    <system-out>Configuring TestNG with: org.apache.maven.surefire.testng.conf.TestNG652Configurator@5d22bbb7
</system-out>
  </testcase>
  <testcase classname="maven.lockownmavenproject33.FTC_03Test" name="beforeTestTest" time="0">
    <failure message="Test not implemented" type="java.lang.RuntimeException">java.lang.RuntimeException: Test not implemented
	at maven.lockownmavenproject33.FTC_03Test.beforeTestTest(FTC_03Test.java:14)
</failure>
  </testcase>
  <testcase classname="maven.lockownmavenproject33.FTC_03Test" name="fTest" time="0">
    <failure message="Test not implemented" type="java.lang.RuntimeException">java.lang.RuntimeException: Test not implemented
	at maven.lockownmavenproject33.FTC_03Test.fTest(FTC_03Test.java:19)
</failure>
  </testcase>
  <testcase classname="maven.lockownmavenproject33.TestDependency" name="orange" time="0"/>
  <testcase classname="maven.lockownmavenproject33.TestDependency" name="white" time="0"/>
  <testcase classname="maven.lockownmavenproject33.TestDependency" name="blue" time="0.004">
    <failure message="test failed" type="java.lang.AssertionError">java.lang.AssertionError: test failed
	at org.testng.Assert.fail(Assert.java:96)
	at maven.lockownmavenproject33.TestDependency.blue(TestDependency.java:26)
</failure>
    <system-out>blue
</system-out>
  </testcase>
  <testcase classname="maven.lockownmavenproject33.TestDependency" name="green" time="0.005">
    <skipped/>
  </testcase>
</testsuite>